nohup: ignoring input
Downloaded 00467596-8200-449c-8528-d4816ec2f6a2.mp4 to output/00467596-8200-449c-8528-d4816ec2f6a2.mp4
Downloaded 00d7995a-9c02-4ae6-a40d-fcdaab12b08d.mp4 to output/00d7995a-9c02-4ae6-a40d-fcdaab12b08d.mp4
Downloaded 0201d517-eb3a-4647-b501-17fe16591721.mp4 to output/0201d517-eb3a-4647-b501-17fe16591721.mp4
Downloaded 021ebd6a-3195-40ac-b86d-99ac5e5ef621.mp4 to output/021ebd6a-3195-40ac-b86d-99ac5e5ef621.mp4
Downloaded 024e5eee-3a7b-484d-ab29-d2944d781795.mp4 to output/024e5eee-3a7b-484d-ab29-d2944d781795.mp4
Downloaded 02ff0fa8-e39c-44ab-8f83-a0a30d89cc41.mp4 to output/02ff0fa8-e39c-44ab-8f83-a0a30d89cc41.mp4
Downloaded 03c7a488-e9ec-4567-86e4-12f4d9ec362f.mp4 to output/03c7a488-e9ec-4567-86e4-12f4d9ec362f.mp4
Downloaded 0405e4b0-843a-469d-a235-6a12383bc1db.mp4 to output/0405e4b0-843a-469d-a235-6a12383bc1db.mp4
Downloaded 04494f35-2388-4664-a8c0-11c857d1ce0a.mp4 to output/04494f35-2388-4664-a8c0-11c857d1ce0a.mp4
Downloaded 0458c082-d317-4712-afc2-b87cac85a76c.mp4 to output/0458c082-d317-4712-afc2-b87cac85a76c.mp4
Downloaded 04a8fa9f-d63b-495d-82bd-b431c5a8d9ea.mp4 to output/04a8fa9f-d63b-495d-82bd-b431c5a8d9ea.mp4
Downloaded 04f433b9-bcb8-4753-af4c-d4ca4a701955.mp4 to output/04f433b9-bcb8-4753-af4c-d4ca4a701955.mp4
Downloaded 059830ca-886f-4ec2-b045-812431802fc6.mp4 to output/059830ca-886f-4ec2-b045-812431802fc6.mp4
Downloaded 05cf4a5b-41c7-458f-9610-60afa53e2594.mp4 to output/05cf4a5b-41c7-458f-9610-60afa53e2594.mp4
Downloaded 05d8d11b-0919-43e3-b346-88a5187dc3ac.mp4 to output/05d8d11b-0919-43e3-b346-88a5187dc3ac.mp4
Downloaded 087bff72-3e67-48cb-8b2c-a08f5b018ca1.mp4 to output/087bff72-3e67-48cb-8b2c-a08f5b018ca1.mp4
Downloaded 08efa4a2-8a8f-4d7d-9e05-67d34496df29.mp4 to output/08efa4a2-8a8f-4d7d-9e05-67d34496df29.mp4
Downloaded 0974f830-5596-42f2-9687-9710c13538df.mp4 to output/0974f830-5596-42f2-9687-9710c13538df.mp4
Downloaded 0a251006-696c-48b2-b660-edeab505ef63.mp4 to output/0a251006-696c-48b2-b660-edeab505ef63.mp4
Downloaded 0a2bffca-9ac9-496a-8cc5-06c8a9684fbf.mp4 to output/0a2bffca-9ac9-496a-8cc5-06c8a9684fbf.mp4
Downloaded 0ac4ee52-089a-403b-8970-fb4e80987a2b.mp4 to output/0ac4ee52-089a-403b-8970-fb4e80987a2b.mp4
Downloaded 0bce2116-1b33-4b11-a6ac-fe623b0936e8.mp4 to output/0bce2116-1b33-4b11-a6ac-fe623b0936e8.mp4
Downloaded 0c08cfea-59a4-4ed4-b125-8c82d3cdab26.mp4 to output/0c08cfea-59a4-4ed4-b125-8c82d3cdab26.mp4
Downloaded 0c4390a1-f16e-43ec-8f2b-3b2e3f591eb9.mp4 to output/0c4390a1-f16e-43ec-8f2b-3b2e3f591eb9.mp4
Downloaded 0c6e2b45-dfa1-4c82-a25b-97812978d95c.mp4 to output/0c6e2b45-dfa1-4c82-a25b-97812978d95c.mp4
Downloaded 0c971dea-5e41-4809-8268-d1c2f9ccfa5e.mp4 to output/0c971dea-5e41-4809-8268-d1c2f9ccfa5e.mp4
Downloaded 0cf12438-8ae3-4e90-96c5-473d57821bb4.mp4 to output/0cf12438-8ae3-4e90-96c5-473d57821bb4.mp4
Downloaded 0da260f2-3e28-4327-8e38-5fc173a68120.mp4 to output/0da260f2-3e28-4327-8e38-5fc173a68120.mp4
Downloaded 0dafe0b6-c741-482c-b416-341ad6875059.mp4 to output/0dafe0b6-c741-482c-b416-341ad6875059.mp4
Downloaded 0db20e9a-96fa-47a4-a4a3-f5fa05f9eec7.mp4 to output/0db20e9a-96fa-47a4-a4a3-f5fa05f9eec7.mp4
Downloaded 0ded8227-b140-4484-88eb-c81fe7e089e5.mp4 to output/0ded8227-b140-4484-88eb-c81fe7e089e5.mp4
Downloaded 0e15811f-f926-4080-8985-37f77f5d64e7.mp4 to output/0e15811f-f926-4080-8985-37f77f5d64e7.mp4
Downloaded 0e3691e5-d789-42d0-aaf2-af733ed9241b.mp4 to output/0e3691e5-d789-42d0-aaf2-af733ed9241b.mp4
Downloaded 0f062601-a932-4dca-b37e-629f8d738957.mp4 to output/0f062601-a932-4dca-b37e-629f8d738957.mp4
Downloaded 0f2464cc-896f-4f67-bab8-ce30dd959e54.mp4 to output/0f2464cc-896f-4f67-bab8-ce30dd959e54.mp4
Downloaded 0f7ff338-1195-4482-b26b-530858de1811.mp4 to output/0f7ff338-1195-4482-b26b-530858de1811.mp4
Downloaded 10f4d941-bfd8-4ff3-9509-52e86a1155ba.mp4 to output/10f4d941-bfd8-4ff3-9509-52e86a1155ba.mp4
Downloaded 1152d637-759d-414c-94e5-f281231cde8d.mp4 to output/1152d637-759d-414c-94e5-f281231cde8d.mp4
Downloaded 11990320-218b-492a-8991-f64a1861d5e7.mp4 to output/11990320-218b-492a-8991-f64a1861d5e7.mp4
Downloaded 12297a34-8ee2-45bc-b8b9-c1f6f8abe2ed.mp4 to output/12297a34-8ee2-45bc-b8b9-c1f6f8abe2ed.mp4
Downloaded 144fef8d-eaed-48ac-ba3b-a7a214e95f42.mp4 to output/144fef8d-eaed-48ac-ba3b-a7a214e95f42.mp4
Downloaded 14b7d2b6-e551-4a4d-ad74-39021bb85d1b.mp4 to output/14b7d2b6-e551-4a4d-ad74-39021bb85d1b.mp4
Downloaded 158295ec-edb3-4ea3-aeaa-5c5d05aa2256.mp4 to output/158295ec-edb3-4ea3-aeaa-5c5d05aa2256.mp4
Downloaded 15c0e57a-97d2-4add-8404-063e3747cd47.mp4 to output/15c0e57a-97d2-4add-8404-063e3747cd47.mp4
Downloaded 15cd2f9a-71f3-48b6-b02c-7f0e0fcd721b.mp4 to output/15cd2f9a-71f3-48b6-b02c-7f0e0fcd721b.mp4
Downloaded 15fbab7a-00c7-4b1f-b55f-70c0a34728f0.mp4 to output/15fbab7a-00c7-4b1f-b55f-70c0a34728f0.mp4
Downloaded 1672d92f-bd91-4e40-8457-994258d9ff7c.mp4 to output/1672d92f-bd91-4e40-8457-994258d9ff7c.mp4
Downloaded 16802c19-4192-46b5-ace4-5dad795499dd.mp4 to output/16802c19-4192-46b5-ace4-5dad795499dd.mp4
Downloaded 16c09d67-2cc5-4059-98b9-22efe3b12fcc.mp4 to output/16c09d67-2cc5-4059-98b9-22efe3b12fcc.mp4
Downloaded 16e33e34-9e96-4156-b4ce-7591dcf813da.mp4 to output/16e33e34-9e96-4156-b4ce-7591dcf813da.mp4
Downloaded 1740583a-282b-4dfe-956c-8e0f9f55a2d7.mp4 to output/1740583a-282b-4dfe-956c-8e0f9f55a2d7.mp4
Downloaded 180035c7-06dd-432d-b1de-e415672741a9.mp4 to output/180035c7-06dd-432d-b1de-e415672741a9.mp4
Downloaded 187db996-056a-426c-9d2c-5d0d6f39930d.mp4 to output/187db996-056a-426c-9d2c-5d0d6f39930d.mp4
Downloaded 18931fed-2f4a-4736-b6ab-3e6579d1070f.mp4 to output/18931fed-2f4a-4736-b6ab-3e6579d1070f.mp4
Downloaded 18a8a2b0-2f89-4dd2-9794-bdd64e6b1e36.mp4 to output/18a8a2b0-2f89-4dd2-9794-bdd64e6b1e36.mp4
Downloaded 1912e757-91e7-4567-b2b2-39029ab4bd80.mp4 to output/1912e757-91e7-4567-b2b2-39029ab4bd80.mp4
Downloaded 19248053-3248-4b61-b4a0-bc8ae88b34e0.mp4 to output/19248053-3248-4b61-b4a0-bc8ae88b34e0.mp4
Downloaded 1a21b18b-1917-4fb1-afcf-b0bbbf77c593.mp4 to output/1a21b18b-1917-4fb1-afcf-b0bbbf77c593.mp4
Downloaded 1ab04e5a-1f41-4143-8a23-4fbb24a0a7f4.mp4 to output/1ab04e5a-1f41-4143-8a23-4fbb24a0a7f4.mp4
Downloaded 1ab35553-9d4c-445f-8c72-7876e8aa5a2d.mp4 to output/1ab35553-9d4c-445f-8c72-7876e8aa5a2d.mp4
Downloaded 1c67eeeb-709c-4a66-b725-2caf98bc7249.mp4 to output/1c67eeeb-709c-4a66-b725-2caf98bc7249.mp4
Downloaded 1ca970b9-816b-42c5-a8d2-6763ba369394.mp4 to output/1ca970b9-816b-42c5-a8d2-6763ba369394.mp4
Downloaded 1cf4b679-ab7a-44bf-a3c4-4a13a1dfedfd.mp4 to output/1cf4b679-ab7a-44bf-a3c4-4a13a1dfedfd.mp4
Downloaded 1e2b4e17-2016-4779-aa2f-5c528c06e6a9.mp4 to output/1e2b4e17-2016-4779-aa2f-5c528c06e6a9.mp4
Downloaded 1ef5c6c1-b147-4577-8fc1-6bde36e390b7.mp4 to output/1ef5c6c1-b147-4577-8fc1-6bde36e390b7.mp4
Downloaded 1fe258ed-70a5-4068-b298-09ed60d731e6.mp4 to output/1fe258ed-70a5-4068-b298-09ed60d731e6.mp4
Downloaded 201f5df5-1494-427c-9c33-ab61ed44307c.mp4 to output/201f5df5-1494-427c-9c33-ab61ed44307c.mp4
Downloaded 2053a8d2-f1e8-4422-bbe0-3d01bb5c3d92.mp4 to output/2053a8d2-f1e8-4422-bbe0-3d01bb5c3d92.mp4
Downloaded 20759dd1-ba78-4edf-ae7b-91208f3cc9b5.mp4 to output/20759dd1-ba78-4edf-ae7b-91208f3cc9b5.mp4
Downloaded 2152233a-f796-4955-9376-b15a3fb5534c.mp4 to output/2152233a-f796-4955-9376-b15a3fb5534c.mp4
Downloaded 21622259-098e-4dfb-8a80-fef7630a19cc.mp4 to output/21622259-098e-4dfb-8a80-fef7630a19cc.mp4
Downloaded 2213ce23-e913-4801-8bf8-a607bad4ea40.mp4 to output/2213ce23-e913-4801-8bf8-a607bad4ea40.mp4
Downloaded 22900c6d-2267-4418-a3e0-c10e2c7ce3f6.mp4 to output/22900c6d-2267-4418-a3e0-c10e2c7ce3f6.mp4
Downloaded 23198b07-a2cb-42f3-85fa-d2891af1602f.mp4 to output/23198b07-a2cb-42f3-85fa-d2891af1602f.mp4
Downloaded 23234a3a-3c11-4666-95bd-38bf799f694c.mp4 to output/23234a3a-3c11-4666-95bd-38bf799f694c.mp4
Downloaded 237bf0e3-e707-49a4-b9f8-6909cdd25c6d.mp4 to output/237bf0e3-e707-49a4-b9f8-6909cdd25c6d.mp4
Downloaded 24b701a0-f22d-4cba-9871-fab47bd18347.mp4 to output/24b701a0-f22d-4cba-9871-fab47bd18347.mp4
Downloaded 25024e78-3341-4417-8077-249fe025a4a9.mp4 to output/25024e78-3341-4417-8077-249fe025a4a9.mp4
Downloaded 2550f92b-2d86-45ff-bc45-e61d4c17918e.mp4 to output/2550f92b-2d86-45ff-bc45-e61d4c17918e.mp4
Downloaded 25bc7ee4-57c4-4db2-a028-d128aac63584.mp4 to output/25bc7ee4-57c4-4db2-a028-d128aac63584.mp4
Downloaded 25cd6ccf-4f2c-44c8-91db-3990d833d88e.mp4 to output/25cd6ccf-4f2c-44c8-91db-3990d833d88e.mp4
Downloaded 25f7ebfe-9bcb-4a6a-9a4b-18d48f202e2a.mp4 to output/25f7ebfe-9bcb-4a6a-9a4b-18d48f202e2a.mp4
Downloaded 2626baa4-afda-48a2-a5be-5185ea5f042e.mp4 to output/2626baa4-afda-48a2-a5be-5185ea5f042e.mp4
Downloaded 2706d471-7e11-42e4-831d-17b7e28ba77c.mp4 to output/2706d471-7e11-42e4-831d-17b7e28ba77c.mp4
Downloaded 27867c6f-ff3a-4675-91cb-ab5ca1734d99.mp4 to output/27867c6f-ff3a-4675-91cb-ab5ca1734d99.mp4
Downloaded 27dc50b5-ca07-4e00-be17-48582b33eda4.mp4 to output/27dc50b5-ca07-4e00-be17-48582b33eda4.mp4
Downloaded 27eb52f0-5ddf-4c9c-8ce5-31af063a58d4.mp4 to output/27eb52f0-5ddf-4c9c-8ce5-31af063a58d4.mp4
Downloaded 29b6c11f-185b-47ce-befd-8f9717dc79ca.mp4 to output/29b6c11f-185b-47ce-befd-8f9717dc79ca.mp4
Downloaded 2af549ad-088b-457b-8898-e142b51b8910.mp4 to output/2af549ad-088b-457b-8898-e142b51b8910.mp4
Downloaded 2b1a8d55-3477-417d-8521-c92497199c29.mp4 to output/2b1a8d55-3477-417d-8521-c92497199c29.mp4
Downloaded 2b6c3253-3124-4895-b8c0-fc5cea6cd5f0.mp4 to output/2b6c3253-3124-4895-b8c0-fc5cea6cd5f0.mp4
Downloaded 2c2d4b55-ab84-453c-ab24-30862701a0d9.mp4 to output/2c2d4b55-ab84-453c-ab24-30862701a0d9.mp4
Downloaded 2c797e95-767e-4c9c-ae5e-ba88c8b259e8.mp4 to output/2c797e95-767e-4c9c-ae5e-ba88c8b259e8.mp4
Downloaded 2c7f542a-3682-4c22-93cd-24c0b1be64b5.mp4 to output/2c7f542a-3682-4c22-93cd-24c0b1be64b5.mp4
Downloaded 2c9ea3f9-fb57-4c39-9a62-8eeb4ce9da23.mp4 to output/2c9ea3f9-fb57-4c39-9a62-8eeb4ce9da23.mp4
Downloaded 2d8816f2-c6fe-4fb7-82c0-c26293dc57bc.mp4 to output/2d8816f2-c6fe-4fb7-82c0-c26293dc57bc.mp4
Downloaded 2d9f8072-6346-480e-a0e0-9c2c93be957a.mp4 to output/2d9f8072-6346-480e-a0e0-9c2c93be957a.mp4
Downloaded 2e19210c-a2d1-42c4-92cd-1be9d1018580.mp4 to output/2e19210c-a2d1-42c4-92cd-1be9d1018580.mp4
Downloaded 2e88cb3e-2051-4df8-955d-4db5c07f3b6b.mp4 to output/2e88cb3e-2051-4df8-955d-4db5c07f3b6b.mp4
Downloaded 2ef46155-df61-49b8-a849-f02f1d9f488c.mp4 to output/2ef46155-df61-49b8-a849-f02f1d9f488c.mp4
Downloaded 2feb5f74-4c1e-4b70-8a26-cea61fdcf94f.mp4 to output/2feb5f74-4c1e-4b70-8a26-cea61fdcf94f.mp4
Downloaded 300070d3-b346-407d-970e-4615a3f1ef24.mp4 to output/300070d3-b346-407d-970e-4615a3f1ef24.mp4
Downloaded 305a2bb6-8667-44c0-be16-693ef5eff5f9.mp4 to output/305a2bb6-8667-44c0-be16-693ef5eff5f9.mp4
Downloaded 31de705a-747d-46d4-81f0-3ee2e2656db3.mp4 to output/31de705a-747d-46d4-81f0-3ee2e2656db3.mp4
Downloaded 32ce2f2e-9aaf-45fa-aea3-b84fdfc242ac.mp4 to output/32ce2f2e-9aaf-45fa-aea3-b84fdfc242ac.mp4
Downloaded 32d1cf3d-5be0-46cc-9c79-89a812b6b669.mp4 to output/32d1cf3d-5be0-46cc-9c79-89a812b6b669.mp4
Downloaded 33b9190f-2c3c-47cc-9b8c-858f7d081e00.mp4 to output/33b9190f-2c3c-47cc-9b8c-858f7d081e00.mp4
Downloaded 33c418a0-e77b-46b2-9bf0-ae3daf4e4f89.mp4 to output/33c418a0-e77b-46b2-9bf0-ae3daf4e4f89.mp4
Downloaded 36f27b43-4894-43ad-b2de-4c3d9b1ba079.mp4 to output/36f27b43-4894-43ad-b2de-4c3d9b1ba079.mp4
Downloaded 3739629b-82cd-4ff6-a9c6-da65d02c40ee.mp4 to output/3739629b-82cd-4ff6-a9c6-da65d02c40ee.mp4
Downloaded 37419fbb-308e-4362-bcb4-e19b431179b2.mp4 to output/37419fbb-308e-4362-bcb4-e19b431179b2.mp4
Downloaded 38598fe8-2a6f-4b61-9bd6-0b8e64c1c435.mp4 to output/38598fe8-2a6f-4b61-9bd6-0b8e64c1c435.mp4
Downloaded 38633817-9e70-42cc-bf63-c2f926d0a4c9.mp4 to output/38633817-9e70-42cc-bf63-c2f926d0a4c9.mp4
Downloaded 39fa44cc-b2b4-4167-8365-d66f1e983385.mp4 to output/39fa44cc-b2b4-4167-8365-d66f1e983385.mp4
Downloaded 3b333490-f68d-4a7c-9e38-14c621da1c85.mp4 to output/3b333490-f68d-4a7c-9e38-14c621da1c85.mp4
Downloaded 3b9750a1-98c5-4879-a62a-595311c7ab95.mp4 to output/3b9750a1-98c5-4879-a62a-595311c7ab95.mp4
Downloaded 3bc9d7fa-a9d3-4d67-b898-90c43cb20ce4.mp4 to output/3bc9d7fa-a9d3-4d67-b898-90c43cb20ce4.mp4
Downloaded 3ca31378-bd5d-4c76-93af-dd032d038363.mp4 to output/3ca31378-bd5d-4c76-93af-dd032d038363.mp4
Downloaded 3e55b26a-6dbc-4388-a1b3-1af3db485f52.mp4 to output/3e55b26a-6dbc-4388-a1b3-1af3db485f52.mp4
Downloaded 3e7c8b66-eb04-46da-a110-2e8fe66d25d2.mp4 to output/3e7c8b66-eb04-46da-a110-2e8fe66d25d2.mp4
Downloaded 400157be-6378-4ce5-bcf5-cb7c71c1b377.mp4 to output/400157be-6378-4ce5-bcf5-cb7c71c1b377.mp4
Downloaded 41455b82-4637-4604-b632-2a94a2921e81.mp4 to output/41455b82-4637-4604-b632-2a94a2921e81.mp4
Downloaded 42339d79-49a6-42c6-b390-d7c3ee506623.mp4 to output/42339d79-49a6-42c6-b390-d7c3ee506623.mp4
Downloaded 42c6fdfa-e032-4b85-adb5-cedfd633de68.mp4 to output/42c6fdfa-e032-4b85-adb5-cedfd633de68.mp4
Downloaded 4329e8bc-b071-477d-9b4b-616e7a320a07.mp4 to output/4329e8bc-b071-477d-9b4b-616e7a320a07.mp4
Downloaded 43df8e41-b23f-4421-9ac4-f000805e84d4.mp4 to output/43df8e41-b23f-4421-9ac4-f000805e84d4.mp4
Downloaded 4425679a-bd41-4199-9913-de30572ce6d4.mp4 to output/4425679a-bd41-4199-9913-de30572ce6d4.mp4
Downloaded 4443a680-b365-43f7-a28d-3d18691acf98.mp4 to output/4443a680-b365-43f7-a28d-3d18691acf98.mp4
Downloaded 44b4fda7-a112-4998-9486-31f5279479fb.mp4 to output/44b4fda7-a112-4998-9486-31f5279479fb.mp4
Downloaded 44df7e21-14d5-411e-a125-7de6d1fa61e8.mp4 to output/44df7e21-14d5-411e-a125-7de6d1fa61e8.mp4
Downloaded 453f5a11-d359-4795-8c40-6132e47a9a87.mp4 to output/453f5a11-d359-4795-8c40-6132e47a9a87.mp4
Downloaded 459a7ce9-3aa1-4046-8390-327e12b2f83b.mp4 to output/459a7ce9-3aa1-4046-8390-327e12b2f83b.mp4
Downloaded 4679ef41-951f-4f2c-aa0e-1f1669098b36.mp4 to output/4679ef41-951f-4f2c-aa0e-1f1669098b36.mp4
Downloaded 46c8a7c1-77bf-4201-8d2b-afb900cdd9e7.mp4 to output/46c8a7c1-77bf-4201-8d2b-afb900cdd9e7.mp4
Downloaded 46f5f78d-a28b-4017-b2dc-6651c5f6c2d5.mp4 to output/46f5f78d-a28b-4017-b2dc-6651c5f6c2d5.mp4
Downloaded 478f6d63-86ac-4dc6-8a29-2fefb479ca44.mp4 to output/478f6d63-86ac-4dc6-8a29-2fefb479ca44.mp4
Downloaded 483e44ec-ff35-477e-837b-ef4d4d92d9f0.mp4 to output/483e44ec-ff35-477e-837b-ef4d4d92d9f0.mp4
Downloaded 485a0427-dc1a-4cb1-831c-a88975a6ad32.mp4 to output/485a0427-dc1a-4cb1-831c-a88975a6ad32.mp4
Downloaded 49058b11-54ab-4b64-9ea8-49d843723941.mp4 to output/49058b11-54ab-4b64-9ea8-49d843723941.mp4
Downloaded 490d20cc-7871-403d-ab94-bcdb819b5428.mp4 to output/490d20cc-7871-403d-ab94-bcdb819b5428.mp4
Downloaded 494140da-4369-427b-a085-872264768e47.mp4 to output/494140da-4369-427b-a085-872264768e47.mp4
Downloaded 494fdd09-f38d-4bb8-8266-730ac9b283d7.mp4 to output/494fdd09-f38d-4bb8-8266-730ac9b283d7.mp4
Downloaded 4a2e65c1-c94c-4bf6-9ce4-8e84bfa4fbf0.mp4 to output/4a2e65c1-c94c-4bf6-9ce4-8e84bfa4fbf0.mp4
Downloaded 4ab354e8-d73d-4ed0-92bf-157520182643.mp4 to output/4ab354e8-d73d-4ed0-92bf-157520182643.mp4
Downloaded 4bf377a4-5b38-440b-9dcc-e28873555409.mp4 to output/4bf377a4-5b38-440b-9dcc-e28873555409.mp4
Downloaded 4d19ac41-3aaf-426b-b1b5-2f8c992da922.mp4 to output/4d19ac41-3aaf-426b-b1b5-2f8c992da922.mp4
Downloaded 4dc7bcad-a24d-4ca4-8ea0-5e068373e1aa.mp4 to output/4dc7bcad-a24d-4ca4-8ea0-5e068373e1aa.mp4
Downloaded 4e105d98-ccc7-4f10-8142-1dbba0d5ec55.mp4 to output/4e105d98-ccc7-4f10-8142-1dbba0d5ec55.mp4
Downloaded 4ef089bc-60e1-4c37-a989-4b4a1cb5cd3c.mp4 to output/4ef089bc-60e1-4c37-a989-4b4a1cb5cd3c.mp4
Downloaded 4ef5cf7f-c086-4f16-83c3-ee73ca4065a2.mp4 to output/4ef5cf7f-c086-4f16-83c3-ee73ca4065a2.mp4
Downloaded 5044158e-9913-4afa-8c44-40e22d3a65a0.mp4 to output/5044158e-9913-4afa-8c44-40e22d3a65a0.mp4
Downloaded 535eca85-8e6b-4d98-9f8c-eec0d34e89dd.mp4 to output/535eca85-8e6b-4d98-9f8c-eec0d34e89dd.mp4
Downloaded 5383f43e-b7cd-480e-9ada-6b20ac802366.mp4 to output/5383f43e-b7cd-480e-9ada-6b20ac802366.mp4
Downloaded 53c278e9-84b3-45a8-ad9e-175569747b9a.mp4 to output/53c278e9-84b3-45a8-ad9e-175569747b9a.mp4
Downloaded 53c2b11d-d7e0-4870-829b-1d825626d9a1.mp4 to output/53c2b11d-d7e0-4870-829b-1d825626d9a1.mp4
Downloaded 5402a35b-815b-43c3-8643-371d188bbe88.mp4 to output/5402a35b-815b-43c3-8643-371d188bbe88.mp4
Downloaded 54e650f0-953d-4dc3-9e17-9e9e8bc82300.mp4 to output/54e650f0-953d-4dc3-9e17-9e9e8bc82300.mp4
Downloaded 55675fe8-8274-4e25-aafd-94bd3f855ed6.mp4 to output/55675fe8-8274-4e25-aafd-94bd3f855ed6.mp4
Downloaded 55986f1b-f509-4f55-a0ed-3d0a40b20ba9.mp4 to output/55986f1b-f509-4f55-a0ed-3d0a40b20ba9.mp4
Downloaded 55d88a48-a010-4d1c-b7f6-a63964dc84c7.mp4 to output/55d88a48-a010-4d1c-b7f6-a63964dc84c7.mp4
Downloaded 56ddcbc0-2eac-4f6b-8bd9-17a32d47ba04.mp4 to output/56ddcbc0-2eac-4f6b-8bd9-17a32d47ba04.mp4
Downloaded 57aa1055-0998-43bf-b7bb-bd7521c68449.mp4 to output/57aa1055-0998-43bf-b7bb-bd7521c68449.mp4
Downloaded 57db4f2f-69dd-44c5-80ef-b61f6e2ddb0a.mp4 to output/57db4f2f-69dd-44c5-80ef-b61f6e2ddb0a.mp4
Downloaded 58154555-d096-44d2-9973-46a1d7b46b13.mp4 to output/58154555-d096-44d2-9973-46a1d7b46b13.mp4
Downloaded 58ac0b43-6f71-4d65-a5d5-8d0ed1b0f241.mp4 to output/58ac0b43-6f71-4d65-a5d5-8d0ed1b0f241.mp4
Downloaded 58c19614-9009-425c-ad39-d3680ad7ecea.mp4 to output/58c19614-9009-425c-ad39-d3680ad7ecea.mp4
Downloaded 58dc969d-421c-4420-8e02-377e2ccf0c3b.mp4 to output/58dc969d-421c-4420-8e02-377e2ccf0c3b.mp4
Downloaded 5b077604-e92c-4267-a7dc-5ca26de65c48.mp4 to output/5b077604-e92c-4267-a7dc-5ca26de65c48.mp4
Downloaded 5b65b4c9-9a5d-4240-b33f-9764e0779965.mp4 to output/5b65b4c9-9a5d-4240-b33f-9764e0779965.mp4
Downloaded 5b703ac4-3ad7-42fb-ad87-cc1250c89016.mp4 to output/5b703ac4-3ad7-42fb-ad87-cc1250c89016.mp4
Downloaded 5bc20be8-32fb-4fe9-b5b8-256248c79ef1.mp4 to output/5bc20be8-32fb-4fe9-b5b8-256248c79ef1.mp4
Downloaded 5c6239c1-7050-4fac-98b0-e23f34326610.mp4 to output/5c6239c1-7050-4fac-98b0-e23f34326610.mp4
Downloaded 5d82c782-7862-450e-8e60-906b9a4290b0.mp4 to output/5d82c782-7862-450e-8e60-906b9a4290b0.mp4
Downloaded 5d910be8-a8a9-41d3-931d-1909e00210bc.mp4 to output/5d910be8-a8a9-41d3-931d-1909e00210bc.mp4
Downloaded 5dda9404-00cc-4e7b-a981-a2fbb85b788c.mp4 to output/5dda9404-00cc-4e7b-a981-a2fbb85b788c.mp4
Downloaded 5e6e9783-0e37-4c82-945c-8d5868c6d4d7.mp4 to output/5e6e9783-0e37-4c82-945c-8d5868c6d4d7.mp4
Downloaded 5f27d94e-c985-470d-bdb0-86b9b5b9d3f2.mp4 to output/5f27d94e-c985-470d-bdb0-86b9b5b9d3f2.mp4
Downloaded 6049780c-7a2b-4959-bb8b-36f6f996f071.mp4 to output/6049780c-7a2b-4959-bb8b-36f6f996f071.mp4
Downloaded 60d20abe-d7c2-4edd-9bd2-90f47d86aba9.mp4 to output/60d20abe-d7c2-4edd-9bd2-90f47d86aba9.mp4
Downloaded 61f7f45c-b960-4ac4-8a4c-bb8244662c94.mp4 to output/61f7f45c-b960-4ac4-8a4c-bb8244662c94.mp4
Downloaded 62365143-c77e-4903-aed2-829d508de4b5.mp4 to output/62365143-c77e-4903-aed2-829d508de4b5.mp4
Downloaded 6266571b-0b0a-44a1-9779-43c2fc7741d2.mp4 to output/6266571b-0b0a-44a1-9779-43c2fc7741d2.mp4
Downloaded 62cd96a6-b312-4bd8-8fa2-0824ea3700e1.mp4 to output/62cd96a6-b312-4bd8-8fa2-0824ea3700e1.mp4
Downloaded 62d5eddb-7d1e-4f12-be30-38ab1683b4d6.mp4 to output/62d5eddb-7d1e-4f12-be30-38ab1683b4d6.mp4
Downloaded 63cc8821-e30b-4bb0-8dce-9de5feac3d2b.mp4 to output/63cc8821-e30b-4bb0-8dce-9de5feac3d2b.mp4
Downloaded 643d9990-eb3c-459d-889b-90ebc5b3d199.mp4 to output/643d9990-eb3c-459d-889b-90ebc5b3d199.mp4
Downloaded 66ce9e47-3034-4f98-a064-e3c466b73a20.mp4 to output/66ce9e47-3034-4f98-a064-e3c466b73a20.mp4
Downloaded 66da8f12-f380-4093-8baa-0e5d6d262f91.mp4 to output/66da8f12-f380-4093-8baa-0e5d6d262f91.mp4
Downloaded 66f83c08-67a7-4708-98a9-5eea5eaf25ef.mp4 to output/66f83c08-67a7-4708-98a9-5eea5eaf25ef.mp4
Downloaded 66fb4fd7-3a40-4f51-a699-eb27cb9b9e0a.mp4 to output/66fb4fd7-3a40-4f51-a699-eb27cb9b9e0a.mp4
Downloaded 67a43148-ecfa-4af0-ad37-148ad3fc9696.mp4 to output/67a43148-ecfa-4af0-ad37-148ad3fc9696.mp4
Downloaded 67e186bf-57fc-47c5-a7f0-8f274db0bb85.mp4 to output/67e186bf-57fc-47c5-a7f0-8f274db0bb85.mp4
Downloaded 689fa39c-0774-4ea9-b164-d7fdd9c85000.mp4 to output/689fa39c-0774-4ea9-b164-d7fdd9c85000.mp4
Downloaded 69cce7a5-dac8-43e7-9187-13473c7eaa8c.mp4 to output/69cce7a5-dac8-43e7-9187-13473c7eaa8c.mp4
Downloaded 6a216993-dd52-4781-81b9-86458a95e94d.mp4 to output/6a216993-dd52-4781-81b9-86458a95e94d.mp4
Downloaded 6c00d456-34ef-43dd-8f5f-5bb90ad233e2.mp4 to output/6c00d456-34ef-43dd-8f5f-5bb90ad233e2.mp4
Downloaded 6ef4e868-debf-40b5-8ab2-575e7a11eecf.mp4 to output/6ef4e868-debf-40b5-8ab2-575e7a11eecf.mp4
Downloaded 701a8013-862c-4f04-992b-e8b703c6e542.mp4 to output/701a8013-862c-4f04-992b-e8b703c6e542.mp4
Downloaded 70924fa9-b0f6-4ff7-980f-ef9f01700c2c.mp4 to output/70924fa9-b0f6-4ff7-980f-ef9f01700c2c.mp4
Downloaded 70a653b7-288a-4110-a3b7-60b90bd634d0.mp4 to output/70a653b7-288a-4110-a3b7-60b90bd634d0.mp4
Downloaded 7113d80b-b4ea-45b2-902c-ac40269269bf.mp4 to output/7113d80b-b4ea-45b2-902c-ac40269269bf.mp4
Downloaded 719ecca4-cb64-4879-a571-205a5c13412c.mp4 to output/719ecca4-cb64-4879-a571-205a5c13412c.mp4
Downloaded 723ea3c3-e71d-4870-b996-93b3824b1928.mp4 to output/723ea3c3-e71d-4870-b996-93b3824b1928.mp4
Downloaded 72438d55-f3b2-4396-9535-ed24762cc522.mp4 to output/72438d55-f3b2-4396-9535-ed24762cc522.mp4
Downloaded 730309e3-394f-423f-b68b-d2a01853618f.mp4 to output/730309e3-394f-423f-b68b-d2a01853618f.mp4
Downloaded 734a474b-0a95-4857-83d7-9bc147068d13.mp4 to output/734a474b-0a95-4857-83d7-9bc147068d13.mp4
Downloaded 746cbc7e-6f97-41ba-b9eb-a8e2de237c41.mp4 to output/746cbc7e-6f97-41ba-b9eb-a8e2de237c41.mp4
Downloaded 7515fe43-a70a-4de3-909e-09940eaed6e7.mp4 to output/7515fe43-a70a-4de3-909e-09940eaed6e7.mp4
Downloaded 7567a428-5fe3-4e2c-a63c-b31f63e684fa.mp4 to output/7567a428-5fe3-4e2c-a63c-b31f63e684fa.mp4
Downloaded 7582a5d9-fd96-44a5-9aa2-d602c7492ec1.mp4 to output/7582a5d9-fd96-44a5-9aa2-d602c7492ec1.mp4
Downloaded 76db4667-b33d-46de-be2e-e6b91bddf8b2.mp4 to output/76db4667-b33d-46de-be2e-e6b91bddf8b2.mp4
Downloaded 77583387-d7e9-4018-b858-690c74ec807b.mp4 to output/77583387-d7e9-4018-b858-690c74ec807b.mp4
Downloaded 78a8511a-f204-4e4b-88f2-cf4ab66464f9.mp4 to output/78a8511a-f204-4e4b-88f2-cf4ab66464f9.mp4
Downloaded 79cd7c33-57c4-4f42-a1d2-bb04add49114.mp4 to output/79cd7c33-57c4-4f42-a1d2-bb04add49114.mp4
Downloaded 79d95704-cc23-439d-b128-ac3102af5ab5.mp4 to output/79d95704-cc23-439d-b128-ac3102af5ab5.mp4
Downloaded 7a464859-bba2-42f9-b1eb-a6b775a6930f.mp4 to output/7a464859-bba2-42f9-b1eb-a6b775a6930f.mp4
Downloaded 7a61c6ad-bf5f-4a2e-8719-f5ca0ba89751.mp4 to output/7a61c6ad-bf5f-4a2e-8719-f5ca0ba89751.mp4
Downloaded 7aacf762-fa96-46f6-bf70-fbfc660ed2e0.mp4 to output/7aacf762-fa96-46f6-bf70-fbfc660ed2e0.mp4
Downloaded 7ba7d2a3-64ad-472e-8692-c42c3a32b549.mp4 to output/7ba7d2a3-64ad-472e-8692-c42c3a32b549.mp4
Downloaded 7c5d1bf3-bc27-4f4e-aaad-614d965bc963.mp4 to output/7c5d1bf3-bc27-4f4e-aaad-614d965bc963.mp4
Downloaded 7ceab1ce-c81c-4039-935a-a40fdbaaa32f.mp4 to output/7ceab1ce-c81c-4039-935a-a40fdbaaa32f.mp4
Downloaded 7cf9be19-3845-4969-bd42-96f8d043b476.mp4 to output/7cf9be19-3845-4969-bd42-96f8d043b476.mp4
Downloaded 7de4cbf6-6a27-43b6-9e90-2ba749e77933.mp4 to output/7de4cbf6-6a27-43b6-9e90-2ba749e77933.mp4
Downloaded 7e7bab0e-a12c-4bb5-ab7f-5f7527809370.mp4 to output/7e7bab0e-a12c-4bb5-ab7f-5f7527809370.mp4
Downloaded 7e9a05c0-2c35-4b85-a06a-267a38bf08dc.mp4 to output/7e9a05c0-2c35-4b85-a06a-267a38bf08dc.mp4
Downloaded 7ecdbd7e-ed95-4091-a84f-ec06053f95bd.mp4 to output/7ecdbd7e-ed95-4091-a84f-ec06053f95bd.mp4
Downloaded 7f585808-4057-4249-bef2-20197385395c.mp4 to output/7f585808-4057-4249-bef2-20197385395c.mp4
Downloaded 804478fc-ae2a-4d3e-8e39-2867f3f7c37e.mp4 to output/804478fc-ae2a-4d3e-8e39-2867f3f7c37e.mp4
Downloaded 81710a45-1d76-40f6-9fd3-4253e8bfc8c9.mp4 to output/81710a45-1d76-40f6-9fd3-4253e8bfc8c9.mp4
Downloaded 831c0766-40f9-47dc-b7c3-8cdcb243426a.mp4 to output/831c0766-40f9-47dc-b7c3-8cdcb243426a.mp4
Downloaded 859d60e4-9c07-41fa-811e-954dfa080e4e.mp4 to output/859d60e4-9c07-41fa-811e-954dfa080e4e.mp4
Downloaded 86510e43-5081-4ed2-aa7f-6a7463b9d808.mp4 to output/86510e43-5081-4ed2-aa7f-6a7463b9d808.mp4
Downloaded 86886f55-1659-4acd-93fb-e6cd88526840.mp4 to output/86886f55-1659-4acd-93fb-e6cd88526840.mp4
Downloaded 87dc57be-830b-43d8-9640-0e2ac71c8dff.mp4 to output/87dc57be-830b-43d8-9640-0e2ac71c8dff.mp4
Downloaded 88a65f10-601a-40b0-8967-3842fc7f2372.mp4 to output/88a65f10-601a-40b0-8967-3842fc7f2372.mp4
Downloaded 898c9065-6499-40fa-9142-152ebd5d7227.mp4 to output/898c9065-6499-40fa-9142-152ebd5d7227.mp4
Downloaded 89cba4c7-2088-41d7-910a-447565ccbef4.mp4 to output/89cba4c7-2088-41d7-910a-447565ccbef4.mp4
Downloaded 8a371ca6-b726-4ecf-8d7d-f408ecbbc9ab.mp4 to output/8a371ca6-b726-4ecf-8d7d-f408ecbbc9ab.mp4
Downloaded 8a785bcb-3ccd-459b-af20-f5e4859996e4.mp4 to output/8a785bcb-3ccd-459b-af20-f5e4859996e4.mp4
Downloaded 8aefc862-a8d1-4f11-b2bf-9f0ffbd7465d.mp4 to output/8aefc862-a8d1-4f11-b2bf-9f0ffbd7465d.mp4
Downloaded 8b0c3e3e-b2db-44a3-9bcf-7d960092fece.mp4 to output/8b0c3e3e-b2db-44a3-9bcf-7d960092fece.mp4
Downloaded 8d9fbce4-294e-4b0b-ad22-b0af27f68e63.mp4 to output/8d9fbce4-294e-4b0b-ad22-b0af27f68e63.mp4
Downloaded 8dea838a-d561-4467-82dc-2fd80408fea4.mp4 to output/8dea838a-d561-4467-82dc-2fd80408fea4.mp4
Downloaded 8e7c3748-6663-4a3d-9542-3f7c3d5db24c.mp4 to output/8e7c3748-6663-4a3d-9542-3f7c3d5db24c.mp4
Downloaded 8f46e3df-a6f0-48dd-a437-e77c245cacb5.mp4 to output/8f46e3df-a6f0-48dd-a437-e77c245cacb5.mp4
Downloaded 8ffc0fc0-8054-4afd-aa1b-9e6d7bb22931.mp4 to output/8ffc0fc0-8054-4afd-aa1b-9e6d7bb22931.mp4
Downloaded 90017754-fb50-4882-8598-6a83f09dcc76.mp4 to output/90017754-fb50-4882-8598-6a83f09dcc76.mp4
Downloaded 91ac576e-88e8-4d39-9133-23b13ee21b6b.mp4 to output/91ac576e-88e8-4d39-9133-23b13ee21b6b.mp4
Downloaded 920c7f72-5409-4afc-8712-1bfdf04e2d9a.mp4 to output/920c7f72-5409-4afc-8712-1bfdf04e2d9a.mp4
Downloaded 925421af-7c79-4f7c-b573-48732718ebd1.mp4 to output/925421af-7c79-4f7c-b573-48732718ebd1.mp4
Downloaded 9284beec-4540-41bb-b93d-893d4f7c4e12.mp4 to output/9284beec-4540-41bb-b93d-893d4f7c4e12.mp4
Downloaded 93265f30-86e3-4754-8923-0269e0602f07.mp4 to output/93265f30-86e3-4754-8923-0269e0602f07.mp4
Downloaded 93500f35-652a-4a81-9ab8-88ad5ef6b530.mp4 to output/93500f35-652a-4a81-9ab8-88ad5ef6b530.mp4
Downloaded 93752afe-2321-439f-8cda-94593b6b814a.mp4 to output/93752afe-2321-439f-8cda-94593b6b814a.mp4
Downloaded 943ee592-96cd-4819-b464-0cc0fe4b6da1.mp4 to output/943ee592-96cd-4819-b464-0cc0fe4b6da1.mp4
Downloaded 94ea1bf4-5970-46cc-a909-d1088779e5b7.mp4 to output/94ea1bf4-5970-46cc-a909-d1088779e5b7.mp4
Downloaded 95198112-4969-4d21-9b98-9b890b821e67.mp4 to output/95198112-4969-4d21-9b98-9b890b821e67.mp4
Downloaded 9650c863-9b84-44d7-bce8-70f3e64677cc.mp4 to output/9650c863-9b84-44d7-bce8-70f3e64677cc.mp4
Downloaded 96c7bced-6618-4404-8c45-ca0c94da9cb5.mp4 to output/96c7bced-6618-4404-8c45-ca0c94da9cb5.mp4
Downloaded 976bdad8-5525-423d-b47b-e3402f099ce9.mp4 to output/976bdad8-5525-423d-b47b-e3402f099ce9.mp4
Downloaded 983a5435-d553-42f7-b50f-c864b75ddef8.mp4 to output/983a5435-d553-42f7-b50f-c864b75ddef8.mp4
Downloaded 99681ba2-e748-4ae7-925a-ed7ed9c03f88.mp4 to output/99681ba2-e748-4ae7-925a-ed7ed9c03f88.mp4
Downloaded 99eb0e6e-fb4d-470b-854f-f60488825353.mp4 to output/99eb0e6e-fb4d-470b-854f-f60488825353.mp4
Downloaded 9a785057-e2ab-44a6-9532-ffd59d37a617.mp4 to output/9a785057-e2ab-44a6-9532-ffd59d37a617.mp4
Downloaded 9d6c72ee-c893-4131-8ea7-7b23562bdc4d.mp4 to output/9d6c72ee-c893-4131-8ea7-7b23562bdc4d.mp4
Downloaded 9d991272-bab0-492e-8435-86b06ec1a486.mp4 to output/9d991272-bab0-492e-8435-86b06ec1a486.mp4
Downloaded 9dfa85f2-7983-4b6a-b7ff-b8c3e3c82dd3.mp4 to output/9dfa85f2-7983-4b6a-b7ff-b8c3e3c82dd3.mp4
Downloaded 9e41f900-c13a-4805-b47f-538d55c39e3f.mp4 to output/9e41f900-c13a-4805-b47f-538d55c39e3f.mp4
Downloaded 9e577c70-b5fd-4390-83e3-bdec0ff42dfe.mp4 to output/9e577c70-b5fd-4390-83e3-bdec0ff42dfe.mp4
Downloaded 9ed8ab77-7914-47d5-b7eb-d1447a2d73d8.mp4 to output/9ed8ab77-7914-47d5-b7eb-d1447a2d73d8.mp4
Downloaded 9f117b81-fa74-4793-a607-848dab88f193.mp4 to output/9f117b81-fa74-4793-a607-848dab88f193.mp4
Downloaded 9fe967ff-7da8-416f-864b-7493c474247a.mp4 to output/9fe967ff-7da8-416f-864b-7493c474247a.mp4
Downloaded 9ff4b303-1fef-48bc-bffc-1d4dd40fd9e2.mp4 to output/9ff4b303-1fef-48bc-bffc-1d4dd40fd9e2.mp4
Downloaded a14ea649-207f-454f-a720-f8f11fd3844b.mp4 to output/a14ea649-207f-454f-a720-f8f11fd3844b.mp4
Downloaded a1b3d4d0-f0e3-48a1-9f14-932005cd02dd.mp4 to output/a1b3d4d0-f0e3-48a1-9f14-932005cd02dd.mp4
Downloaded a1c96bb1-8753-4409-9640-bc481d8f6546.mp4 to output/a1c96bb1-8753-4409-9640-bc481d8f6546.mp4
Downloaded a28a0b7b-0b89-4a3d-b61e-fe9be46e345a.mp4 to output/a28a0b7b-0b89-4a3d-b61e-fe9be46e345a.mp4
Downloaded a2fac0d2-77ba-4808-b2d6-2b4153da3715.mp4 to output/a2fac0d2-77ba-4808-b2d6-2b4153da3715.mp4
Downloaded a3166311-bb4a-4179-8853-8654f281dd8a.mp4 to output/a3166311-bb4a-4179-8853-8654f281dd8a.mp4
Downloaded a37fddf9-267f-410d-83bb-57e0604e8800.mp4 to output/a37fddf9-267f-410d-83bb-57e0604e8800.mp4
Downloaded a3b8d30f-eeb6-4b44-b814-df6803090281.mp4 to output/a3b8d30f-eeb6-4b44-b814-df6803090281.mp4
Downloaded a43a2c58-fdbf-463f-a6ad-a0d3d3b0c17d.mp4 to output/a43a2c58-fdbf-463f-a6ad-a0d3d3b0c17d.mp4
Downloaded a46b82c2-689e-486f-aca3-fdd0a17fd9f6.mp4 to output/a46b82c2-689e-486f-aca3-fdd0a17fd9f6.mp4
Downloaded a4b52857-8c9c-41a9-8174-328ea8781758.mp4 to output/a4b52857-8c9c-41a9-8174-328ea8781758.mp4
Downloaded a5db9a09-d535-433f-b909-7f9d50fde688.mp4 to output/a5db9a09-d535-433f-b909-7f9d50fde688.mp4
Downloaded a60c1922-71e9-49c4-8dcd-5ec66835cd71.mp4 to output/a60c1922-71e9-49c4-8dcd-5ec66835cd71.mp4
Downloaded a6afc8ca-c373-4c15-8b24-4d272ecf145a.mp4 to output/a6afc8ca-c373-4c15-8b24-4d272ecf145a.mp4
Downloaded a6fab6ba-1211-40be-b7b8-23f7ed7a9e9f.mp4 to output/a6fab6ba-1211-40be-b7b8-23f7ed7a9e9f.mp4
Downloaded a7e91aec-468b-4ebc-96ce-d568461fc3ad.mp4 to output/a7e91aec-468b-4ebc-96ce-d568461fc3ad.mp4
Downloaded a88904da-bdc5-4e99-94b4-19099474d0d3.mp4 to output/a88904da-bdc5-4e99-94b4-19099474d0d3.mp4
Downloaded a8faa72e-cea5-4fb2-ad4e-a03f97e6a894.mp4 to output/a8faa72e-cea5-4fb2-ad4e-a03f97e6a894.mp4
Downloaded a9f362ab-14b3-44c7-b173-2b5740e9bce0.mp4 to output/a9f362ab-14b3-44c7-b173-2b5740e9bce0.mp4
Downloaded aa15e2cd-0ed1-4a3a-8935-27e6cbd1e2da.mp4 to output/aa15e2cd-0ed1-4a3a-8935-27e6cbd1e2da.mp4
Downloaded ab80eb3e-8681-4cc0-a5fd-c5954f1bb609.mp4 to output/ab80eb3e-8681-4cc0-a5fd-c5954f1bb609.mp4
Downloaded aeb2f3b7-e2a3-4c1b-8175-d31791034acb.mp4 to output/aeb2f3b7-e2a3-4c1b-8175-d31791034acb.mp4
Downloaded af68cc04-2779-4e49-9445-73d1f149d1f3.mp4 to output/af68cc04-2779-4e49-9445-73d1f149d1f3.mp4
Downloaded b0ea9c01-775a-4cbc-aff1-61fcff1be096.mp4 to output/b0ea9c01-775a-4cbc-aff1-61fcff1be096.mp4
Downloaded b190aaba-37ac-4bde-96e9-97ed33fc04c4.mp4 to output/b190aaba-37ac-4bde-96e9-97ed33fc04c4.mp4
Downloaded b353b0d7-207f-4c05-8e95-82d6645c2f38.mp4 to output/b353b0d7-207f-4c05-8e95-82d6645c2f38.mp4
Downloaded b3640770-c1b7-4dd2-bc28-0fc410708043.mp4 to output/b3640770-c1b7-4dd2-bc28-0fc410708043.mp4
Downloaded b40945cd-5541-4fba-bd55-dff2b4ada5b7.mp4 to output/b40945cd-5541-4fba-bd55-dff2b4ada5b7.mp4
Downloaded b5880536-c821-4dbe-8124-27150f86df29.mp4 to output/b5880536-c821-4dbe-8124-27150f86df29.mp4
Downloaded b5e98834-7906-4627-9118-ef12b23faa19.mp4 to output/b5e98834-7906-4627-9118-ef12b23faa19.mp4
Downloaded b62c286f-1bc9-4bc1-9f81-b7e78e7b1bdb.mp4 to output/b62c286f-1bc9-4bc1-9f81-b7e78e7b1bdb.mp4
Downloaded b7307bbb-6400-47be-8dec-510d156a1150.mp4 to output/b7307bbb-6400-47be-8dec-510d156a1150.mp4
Downloaded b80b9831-de67-497e-8ce5-117f2abd6de9.mp4 to output/b80b9831-de67-497e-8ce5-117f2abd6de9.mp4
Downloaded b8830a75-94fb-475b-a3a6-24e7691bcf22.mp4 to output/b8830a75-94fb-475b-a3a6-24e7691bcf22.mp4
Downloaded ba9c89c7-39f0-4d2c-af3e-3c56d31d9e92.mp4 to output/ba9c89c7-39f0-4d2c-af3e-3c56d31d9e92.mp4
Downloaded baa2fd8e-a608-4efc-b30d-9d58d450f276.mp4 to output/baa2fd8e-a608-4efc-b30d-9d58d450f276.mp4
Downloaded bafa5371-cb47-465b-b3fa-bc58c49501bf.mp4 to output/bafa5371-cb47-465b-b3fa-bc58c49501bf.mp4
Downloaded bc0853b5-bf65-43d6-bcab-ab666454f17d.mp4 to output/bc0853b5-bf65-43d6-bcab-ab666454f17d.mp4
Downloaded bc5228c1-c5c1-4678-8191-1b85f607af48.mp4 to output/bc5228c1-c5c1-4678-8191-1b85f607af48.mp4
Downloaded bdd49c1e-21eb-4b03-86fa-e0f52d858332.mp4 to output/bdd49c1e-21eb-4b03-86fa-e0f52d858332.mp4
Downloaded bfc3e1e3-5625-4dc5-bcbc-9480345ef936.mp4 to output/bfc3e1e3-5625-4dc5-bcbc-9480345ef936.mp4
Downloaded c0161ef2-984c-4f00-bfef-08ba78ef6d73.mp4 to output/c0161ef2-984c-4f00-bfef-08ba78ef6d73.mp4
Downloaded c1977fa8-8a9a-41af-97bf-e753c7a9106a.mp4 to output/c1977fa8-8a9a-41af-97bf-e753c7a9106a.mp4
Downloaded c24ac8c5-eedf-41e6-88d0-4cdbe3e182e5.mp4 to output/c24ac8c5-eedf-41e6-88d0-4cdbe3e182e5.mp4
Downloaded c2b2fe06-d227-42e5-aa4e-d67fde707f71.mp4 to output/c2b2fe06-d227-42e5-aa4e-d67fde707f71.mp4
Downloaded c3ac7d21-537e-4054-96b0-fe78561768b8.mp4 to output/c3ac7d21-537e-4054-96b0-fe78561768b8.mp4
Downloaded c5e9a333-ba47-42d6-b926-ecabe1460f72.mp4 to output/c5e9a333-ba47-42d6-b926-ecabe1460f72.mp4
Downloaded c6c808a4-8fc9-432b-b6fd-dd9b2a00fa34.mp4 to output/c6c808a4-8fc9-432b-b6fd-dd9b2a00fa34.mp4
Downloaded c6dd7e67-1606-49a4-a144-33e156302674.mp4 to output/c6dd7e67-1606-49a4-a144-33e156302674.mp4
Downloaded c6ffcb76-4066-43ef-a315-c6ee5cf0d32f.mp4 to output/c6ffcb76-4066-43ef-a315-c6ee5cf0d32f.mp4
Downloaded c7202d2a-a648-41b2-880c-2ce3bc97d316.mp4 to output/c7202d2a-a648-41b2-880c-2ce3bc97d316.mp4
Downloaded c774c83e-9a67-410f-91b6-ca49ea8c0f88.mp4 to output/c774c83e-9a67-410f-91b6-ca49ea8c0f88.mp4
Downloaded c7d2ca3d-de3b-4f82-b86b-925ef28022df.mp4 to output/c7d2ca3d-de3b-4f82-b86b-925ef28022df.mp4
Downloaded c7d920fe-d139-4a64-bc64-e3f96f66d769.mp4 to output/c7d920fe-d139-4a64-bc64-e3f96f66d769.mp4
Downloaded c85e822d-c1da-4a59-9999-fba897ed8562.mp4 to output/c85e822d-c1da-4a59-9999-fba897ed8562.mp4
Downloaded ca2f7ca8-d6be-4e44-ae62-554065454057.mp4 to output/ca2f7ca8-d6be-4e44-ae62-554065454057.mp4
Downloaded cad3dd67-1de7-4bb0-806b-4624071c2743.mp4 to output/cad3dd67-1de7-4bb0-806b-4624071c2743.mp4
Downloaded cbaf49aa-25e7-4057-8e2c-bcd82d9fcfe7.mp4 to output/cbaf49aa-25e7-4057-8e2c-bcd82d9fcfe7.mp4
Downloaded cbf733f0-ab93-4fc2-9faa-2b7b4b789b1a.mp4 to output/cbf733f0-ab93-4fc2-9faa-2b7b4b789b1a.mp4
Downloaded cc88a273-671d-436d-9d0d-598ec8395cd4.mp4 to output/cc88a273-671d-436d-9d0d-598ec8395cd4.mp4
Downloaded cc930c26-ddf7-44de-8c33-c119904e04ef.mp4 to output/cc930c26-ddf7-44de-8c33-c119904e04ef.mp4
Downloaded cca999b8-ba7d-4a1c-a139-73871314ea3e.mp4 to output/cca999b8-ba7d-4a1c-a139-73871314ea3e.mp4
Downloaded cdb76e8f-7752-4e8a-b831-786ab8f94338.mp4 to output/cdb76e8f-7752-4e8a-b831-786ab8f94338.mp4
Downloaded cdd3474b-67b0-4f52-98ae-62d1478663f0.mp4 to output/cdd3474b-67b0-4f52-98ae-62d1478663f0.mp4
Downloaded ce194491-81c4-4dd6-a747-10d28c8a8209.mp4 to output/ce194491-81c4-4dd6-a747-10d28c8a8209.mp4
Downloaded ce8ce38d-c371-48b6-a3eb-218363590e94.mp4 to output/ce8ce38d-c371-48b6-a3eb-218363590e94.mp4
Downloaded cea57f45-8f13-4689-a3e6-1389bf10c6e3.mp4 to output/cea57f45-8f13-4689-a3e6-1389bf10c6e3.mp4
Downloaded cef2665a-0e04-4091-992d-41fc75e6e543.mp4 to output/cef2665a-0e04-4091-992d-41fc75e6e543.mp4
Downloaded d127d86d-1a57-43ca-b637-6e9087753b5f.mp4 to output/d127d86d-1a57-43ca-b637-6e9087753b5f.mp4
Downloaded d226b790-43fc-4679-8b98-bba101b1cbd0.mp4 to output/d226b790-43fc-4679-8b98-bba101b1cbd0.mp4
Downloaded d2b34b6f-f158-43d3-a325-6a33c22f99a8.mp4 to output/d2b34b6f-f158-43d3-a325-6a33c22f99a8.mp4
Downloaded d418477c-26ee-411e-bbab-06727ab4a51d.mp4 to output/d418477c-26ee-411e-bbab-06727ab4a51d.mp4
Downloaded d41dd67c-575e-473c-9343-32fc2e8787ed.mp4 to output/d41dd67c-575e-473c-9343-32fc2e8787ed.mp4
Downloaded d4cc576b-51ca-4a9e-81c2-ec28a560003b.mp4 to output/d4cc576b-51ca-4a9e-81c2-ec28a560003b.mp4
Downloaded d5c1cc0c-2572-438f-b228-38494222e586.mp4 to output/d5c1cc0c-2572-438f-b228-38494222e586.mp4
Downloaded d66cbe96-aec3-4eca-bf28-cb63cbeeadef.mp4 to output/d66cbe96-aec3-4eca-bf28-cb63cbeeadef.mp4
Downloaded d702a5a6-304b-421b-8893-a337a95ee0c2.mp4 to output/d702a5a6-304b-421b-8893-a337a95ee0c2.mp4
Downloaded d80e2615-2fbb-4557-a95a-301168a9298b.mp4 to output/d80e2615-2fbb-4557-a95a-301168a9298b.mp4
Downloaded d82cdb62-adba-4fa6-92a0-f7624e5a8a58.mp4 to output/d82cdb62-adba-4fa6-92a0-f7624e5a8a58.mp4
Downloaded d8b1a444-e62e-4b51-be6f-6d2aa0334cb3.mp4 to output/d8b1a444-e62e-4b51-be6f-6d2aa0334cb3.mp4
Downloaded d90adaf6-8899-4b07-ac2d-7db81253697b.mp4 to output/d90adaf6-8899-4b07-ac2d-7db81253697b.mp4
Downloaded da110712-32f6-4fd6-85c1-90bf92d59ba1.mp4 to output/da110712-32f6-4fd6-85c1-90bf92d59ba1.mp4
Downloaded da2d6116-2aaa-4f92-b376-feb283a6dfc8.mp4 to output/da2d6116-2aaa-4f92-b376-feb283a6dfc8.mp4
Downloaded daf5d65f-3833-430e-ae97-0184c7723183.mp4 to output/daf5d65f-3833-430e-ae97-0184c7723183.mp4
Downloaded db12b83e-73fa-4c33-9cc0-8f96869d45c5.mp4 to output/db12b83e-73fa-4c33-9cc0-8f96869d45c5.mp4
Downloaded dc7da6d1-30be-4221-bc81-99e4a4e2041c.mp4 to output/dc7da6d1-30be-4221-bc81-99e4a4e2041c.mp4
Downloaded dc86e91d-545d-4678-8244-346897a2f08d.mp4 to output/dc86e91d-545d-4678-8244-346897a2f08d.mp4
Downloaded dcdf213a-adb2-4ee3-b6d1-e09b672f0b8f.mp4 to output/dcdf213a-adb2-4ee3-b6d1-e09b672f0b8f.mp4
Downloaded dd0e0aea-dc22-4ca6-bfc6-88a6285ab832.mp4 to output/dd0e0aea-dc22-4ca6-bfc6-88a6285ab832.mp4
Downloaded ddbd6210-5ad9-4b11-9552-2608ba613f6c.mp4 to output/ddbd6210-5ad9-4b11-9552-2608ba613f6c.mp4
Downloaded de5beacb-a48c-4235-b90e-c043aa54c176.mp4 to output/de5beacb-a48c-4235-b90e-c043aa54c176.mp4
Downloaded e020e84c-b63a-400d-b078-c6834668a516.mp4 to output/e020e84c-b63a-400d-b078-c6834668a516.mp4
Downloaded e1028097-bf0d-440e-ad74-5394aa3e2ecf.mp4 to output/e1028097-bf0d-440e-ad74-5394aa3e2ecf.mp4
Downloaded e110c58c-6236-4989-aa38-e8a364144ca5.mp4 to output/e110c58c-6236-4989-aa38-e8a364144ca5.mp4
Downloaded e28913db-5735-4d38-a34b-c36b3e99fdf5.mp4 to output/e28913db-5735-4d38-a34b-c36b3e99fdf5.mp4
Downloaded e4a964da-41fc-4a4b-a8d2-d0324ed8d7a8.mp4 to output/e4a964da-41fc-4a4b-a8d2-d0324ed8d7a8.mp4
Downloaded e52b7faf-d644-4f8e-8de2-862b1377a05b.mp4 to output/e52b7faf-d644-4f8e-8de2-862b1377a05b.mp4
Downloaded e8087860-31b4-43b0-bcd4-e1877930748b.mp4 to output/e8087860-31b4-43b0-bcd4-e1877930748b.mp4
Downloaded e88dbba0-5059-47a3-aed4-24340b83918c.mp4 to output/e88dbba0-5059-47a3-aed4-24340b83918c.mp4
Downloaded ea9a0699-b07f-4dca-9898-3747dbc3b254.mp4 to output/ea9a0699-b07f-4dca-9898-3747dbc3b254.mp4
Downloaded ee028894-e134-4387-a03b-c850616fb298.mp4 to output/ee028894-e134-4387-a03b-c850616fb298.mp4
Downloaded eef296c0-b560-4136-a18c-315e9c06033a.mp4 to output/eef296c0-b560-4136-a18c-315e9c06033a.mp4
Downloaded ef75769f-f13b-4660-9931-e81b38b5b0e7.mp4 to output/ef75769f-f13b-4660-9931-e81b38b5b0e7.mp4
Downloaded efd55a54-f202-41e3-ae11-91bebff1e9fb.mp4 to output/efd55a54-f202-41e3-ae11-91bebff1e9fb.mp4
Downloaded f0c5ff34-629f-46e2-b53d-4a3011e25d76.mp4 to output/f0c5ff34-629f-46e2-b53d-4a3011e25d76.mp4
Downloaded f1e10711-5c46-4566-b6f2-ac0ac791c617.mp4 to output/f1e10711-5c46-4566-b6f2-ac0ac791c617.mp4
Downloaded f32d0fc8-d252-4351-8217-afdc2a75dfb9.mp4 to output/f32d0fc8-d252-4351-8217-afdc2a75dfb9.mp4
Downloaded f51f1b6f-d527-46c1-902b-9e89397c864c.mp4 to output/f51f1b6f-d527-46c1-902b-9e89397c864c.mp4
Downloaded f598ad83-a349-4e32-9026-74c67907730f.mp4 to output/f598ad83-a349-4e32-9026-74c67907730f.mp4
Downloaded f690017d-4d37-4104-824e-baf34535c02e.mp4 to output/f690017d-4d37-4104-824e-baf34535c02e.mp4
Downloaded f849dd05-9075-4066-aa52-0eb58d367d9f.mp4 to output/f849dd05-9075-4066-aa52-0eb58d367d9f.mp4
Downloaded f96fa12e-3731-4ff1-bea6-68691b9a34be.mp4 to output/f96fa12e-3731-4ff1-bea6-68691b9a34be.mp4
Downloaded fa74bcf3-9a4f-4748-824d-fb5fafac1392.mp4 to output/fa74bcf3-9a4f-4748-824d-fb5fafac1392.mp4
Downloaded fb568876-f365-4625-a8e5-1277b45a4e75.mp4 to output/fb568876-f365-4625-a8e5-1277b45a4e75.mp4
Downloaded fd91ad85-a818-4b79-bff0-2867ae283672.mp4 to output/fd91ad85-a818-4b79-bff0-2867ae283672.mp4
Downloaded ff55e3e6-d778-4b4f-b4d5-83566cd6e7ac.mp4 to output/ff55e3e6-d778-4b4f-b4d5-83566cd6e7ac.mp4
Downloaded ffb996f1-fe96-4e0a-91b3-d9fa1bb790c9.mp4 to output/ffb996f1-fe96-4e0a-91b3-d9fa1bb790c9.mp4
